<?xml version="1.0" encoding="UTF-8"?>
<testsuite xmlns:xsi="http://www.w3.org/2001/XMLSchema-instance" xsi:noNamespaceSchemaLocation="https://maven.apache.org/surefire/maven-surefire-plugin/xsd/surefire-test-report.xsd" name="test.java.org.fpij.jitakyoei.model.beans.AlunoTest" time="0.283" tests="1" errors="0" skipped="0" failures="1">
  <properties>
    <property name="sun.desktop" value="windows"/>
    <property name="awt.toolkit" value="sun.awt.windows.WToolkit"/>
    <property name="file.encoding.pkg" value="sun.io"/>
    <property name="java.specification.version" value="1.8"/>
    <property name="sun.cpu.isalist" value="amd64"/>
    <property name="sun.jnu.encoding" value="Cp1252"/>
    <property name="java.class.path" value="C:\Users\Windows\OneDrive\Área de Trabalho\Trabalho_Testes\Projeto-CC8550-Sistema-de-Judocas-master\target\test-classes;C:\Users\Windows\OneDrive\Área de Trabalho\Trabalho_Testes\Projeto-CC8550-Sistema-de-Judocas-master\target\classes;C:\Users\Windows\.m2\repository\db4o\db4o\7.4.106.13438\db4o-7.4.106.13438.jar;C:\Users\Windows\.m2\repository\forms\forms\1.0\forms-1.0.jar;C:\Users\Windows\.m2\repository\jcalendar\jcalendar\1.3.3\jcalendar-1.3.3.jar;C:\Users\Windows\.m2\repository\PgsLookAndFeel\PgsLookAndFeel\1.0\PgsLookAndFeel-1.0.jar;C:\Users\Windows\.m2\repository\TableLayout\TableLayout\1.0\TableLayout-1.0.jar;C:\Users\Windows\.m2\repository\TableLayout-javadoc\TableLayout-javadoc\1.0\TableLayout-javadoc-1.0.jar;C:\Users\Windows\.m2\repository\TableLayout-src\TableLayout-src\1.0\TableLayout-src-1.0.jar;C:\Users\Windows\.m2\repository\genesis\backport175\1.1\backport175-1.1.jar;C:\Users\Windows\.m2\repository\genesis\genesis-annotation\3.2\genesis-annotation-3.2.jar;C:\Users\Windows\.m2\repository\genesis\genesis-client\3.2\genesis-client-3.2.jar;C:\Users\Windows\.m2\repository\genesis\genesis-client-swing\3.2\genesis-client-swing-3.2.jar;C:\Users\Windows\.m2\repository\genesis\genesis-shared-annotated\3.2\genesis-shared-annotated-3.2.jar;C:\Users\Windows\.m2\repository\genesis\commons-beanutils\1.7\commons-beanutils-1.7.jar;C:\Users\Windows\.m2\repository\genesis\commons-logging\1.1\commons-logging-1.1.jar;C:\Users\Windows\.m2\repository\genesis\reusable-components\1.0\reusable-components-1.0.jar;C:\Users\Windows\.m2\repository\org\junit\junit\4.13.2\junit-4.13.2.jar;C:\Users\Windows\.m2\repository\org\hamcrest\hamcrest\2.2\hamcrest-2.2.jar;"/>
    <property name="java.vm.vendor" value="Oracle Corporation"/>
    <property name="sun.arch.data.model" value="64"/>
    <property name="user.variant" value=""/>
    <property name="java.vendor.url" value="http://java.oracle.com/"/>
    <property name="user.timezone" value="America/Sao_Paulo"/>
    <property name="java.vm.specification.version" value="1.8"/>
    <property name="os.name" value="Windows 10"/>
    <property name="user.country" value="BR"/>
    <property name="sun.java.launcher" value="SUN_STANDARD"/>
    <property name="sun.boot.library.path" value="C:\Program Files\Java\jdk1.8.0_202\jre\bin"/>
    <property name="sun.java.command" value="C:\Users\Windows\AppData\Local\Temp\surefire6405421432817185834\surefirebooter2496354908134074676.jar C:\Users\Windows\AppData\Local\Temp\surefire6405421432817185834 2022-06-04T21-58-47_632-jvmRun1 surefire5912719827577953601tmp surefire_04208056213042693956tmp"/>
    <property name="surefire.test.class.path" value="C:\Users\Windows\OneDrive\Área de Trabalho\Trabalho_Testes\Projeto-CC8550-Sistema-de-Judocas-master\target\test-classes;C:\Users\Windows\OneDrive\Área de Trabalho\Trabalho_Testes\Projeto-CC8550-Sistema-de-Judocas-master\target\classes;C:\Users\Windows\.m2\repository\db4o\db4o\7.4.106.13438\db4o-7.4.106.13438.jar;C:\Users\Windows\.m2\repository\forms\forms\1.0\forms-1.0.jar;C:\Users\Windows\.m2\repository\jcalendar\jcalendar\1.3.3\jcalendar-1.3.3.jar;C:\Users\Windows\.m2\repository\PgsLookAndFeel\PgsLookAndFeel\1.0\PgsLookAndFeel-1.0.jar;C:\Users\Windows\.m2\repository\TableLayout\TableLayout\1.0\TableLayout-1.0.jar;C:\Users\Windows\.m2\repository\TableLayout-javadoc\TableLayout-javadoc\1.0\TableLayout-javadoc-1.0.jar;C:\Users\Windows\.m2\repository\TableLayout-src\TableLayout-src\1.0\TableLayout-src-1.0.jar;C:\Users\Windows\.m2\repository\genesis\backport175\1.1\backport175-1.1.jar;C:\Users\Windows\.m2\repository\genesis\genesis-annotation\3.2\genesis-annotation-3.2.jar;C:\Users\Windows\.m2\repository\genesis\genesis-client\3.2\genesis-client-3.2.jar;C:\Users\Windows\.m2\repository\genesis\genesis-client-swing\3.2\genesis-client-swing-3.2.jar;C:\Users\Windows\.m2\repository\genesis\genesis-shared-annotated\3.2\genesis-shared-annotated-3.2.jar;C:\Users\Windows\.m2\repository\genesis\commons-beanutils\1.7\commons-beanutils-1.7.jar;C:\Users\Windows\.m2\repository\genesis\commons-logging\1.1\commons-logging-1.1.jar;C:\Users\Windows\.m2\repository\genesis\reusable-components\1.0\reusable-components-1.0.jar;C:\Users\Windows\.m2\repository\org\junit\junit\4.13.2\junit-4.13.2.jar;C:\Users\Windows\.m2\repository\org\hamcrest\hamcrest\2.2\hamcrest-2.2.jar;"/>
    <property name="sun.cpu.endian" value="little"/>
    <property name="user.home" value="C:\Users\Windows"/>
    <property name="user.language" value="pt"/>
    <property name="java.specification.vendor" value="Oracle Corporation"/>
    <property name="java.home" value="C:\Program Files\Java\jdk1.8.0_202\jre"/>
    <property name="basedir" value="C:\Users\Windows\OneDrive\Área de Trabalho\Trabalho_Testes\Projeto-CC8550-Sistema-de-Judocas-master"/>
    <property name="file.separator" value="\"/>
    <property name="line.separator" value="&#10;"/>
    <property name="java.vm.specification.vendor" value="Oracle Corporation"/>
    <property name="java.specification.name" value="Java Platform API Specification"/>
    <property name="java.awt.graphicsenv" value="sun.awt.Win32GraphicsEnvironment"/>
    <property name="surefire.real.class.path" value="C:\Users\Windows\AppData\Local\Temp\surefire6405421432817185834\surefirebooter2496354908134074676.jar"/>
    <property name="sun.boot.class.path" value="C:\Program Files\Java\jdk1.8.0_202\jre\lib\resources.jar;C:\Program Files\Java\jdk1.8.0_202\jre\lib\rt.jar;C:\Program Files\Java\jdk1.8.0_202\jre\lib\sunrsasign.jar;C:\Program Files\Java\jdk1.8.0_202\jre\lib\jsse.jar;C:\Program Files\Java\jdk1.8.0_202\jre\lib\jce.jar;C:\Program Files\Java\jdk1.8.0_202\jre\lib\charsets.jar;C:\Program Files\Java\jdk1.8.0_202\jre\lib\jfr.jar;C:\Program Files\Java\jdk1.8.0_202\jre\classes"/>
    <property name="user.script" value=""/>
    <property name="sun.management.compiler" value="HotSpot 64-Bit Tiered Compilers"/>
    <property name="java.runtime.version" value="1.8.0_202-b08"/>
    <property name="user.name" value="Windows"/>
    <property name="path.separator" value=";"/>
    <property name="os.version" value="10.0"/>
    <property name="java.endorsed.dirs" value="C:\Program Files\Java\jdk1.8.0_202\jre\lib\endorsed"/>
    <property name="java.runtime.name" value="Java(TM) SE Runtime Environment"/>
    <property name="file.encoding" value="Cp1252"/>
    <property name="java.vm.name" value="Java HotSpot(TM) 64-Bit Server VM"/>
    <property name="localRepository" value="C:\Users\Windows\.m2\repository"/>
    <property name="java.vendor.url.bug" value="http://bugreport.sun.com/bugreport/"/>
    <property name="java.io.tmpdir" value="C:\Users\Windows\AppData\Local\Temp\"/>
    <property name="java.version" value="1.8.0_202"/>
    <property name="user.dir" value="C:\Users\Windows\OneDrive\Área de Trabalho\Trabalho_Testes\Projeto-CC8550-Sistema-de-Judocas-master"/>
    <property name="os.arch" value="amd64"/>
    <property name="java.vm.specification.name" value="Java Virtual Machine Specification"/>
    <property name="java.awt.printerjob" value="sun.awt.windows.WPrinterJob"/>
    <property name="sun.os.patch.level" value=""/>
    <property name="java.library.path" value="C:\Program Files\Java\jdk1.8.0_202\jre\bin;C:\WINDOWS\Sun\Java\bin;C:\WINDOWS\system32;C:\WINDOWS;C:\Program Files (x86)\Common Files\Oracle\Java\javapath;C:\ProgramData\Oracle\Java\javapath;C:\WINDOWS\system32;C:\WINDOWS;C:\WINDOWS\System32\Wbem;C:\WINDOWS\System32\WindowsPowerShell\v1.0\;C:\WINDOWS\System32\OpenSSH\;C:\Program Files (x86)\NVIDIA Corporation\PhysX\Common;C:\Program Files\NVIDIA Corporation\NVIDIA NvDLISR;C:\Program Files\Git\cmd;C:\Users\Windows\AppData\Local\Programs\Python\Python39\Scripts\;C:\Users\Windows\AppData\Local\Programs\Python\Python39\;C:\Users\Windows\AppData\Local\Microsoft\WindowsApps;;C:\Users\Windows\AppData\Local\Programs\Microsoft VS Code\bin;."/>
    <property name="java.vm.info" value="mixed mode"/>
    <property name="java.vendor" value="Oracle Corporation"/>
    <property name="java.vm.version" value="25.202-b08"/>
    <property name="java.ext.dirs" value="C:\Program Files\Java\jdk1.8.0_202\jre\lib\ext;C:\WINDOWS\Sun\Java\lib\ext"/>
    <property name="sun.io.unicode.encoding" value="UnicodeLittle"/>
    <property name="java.class.version" value="52.0"/>
  </properties>
  <testcase name="hashNaoNuloTest" classname="test.java.org.fpij.jitakyoei.model.beans.AlunoTest" time="0.061">
    <failure message="expected:&lt;1234770&gt; but was:&lt;12347700&gt;" type="java.lang.AssertionError"><![CDATA[java.lang.AssertionError: expected:<1234770> but was:<12347700>
	at test.java.org.fpij.jitakyoei.model.beans.AlunoTest.hashNaoNuloTest(AlunoTest.java:22)
]]></failure>
  </testcase>
</testsuite>